[INFO] Scanning for projects...
[WARNING] 
[WARNING] Some problems were encountered while building the effective model for com.puc:realconsult:jar:0.0.1-SNAPSHOT
[WARNING] 'dependencies.dependency.(groupId:artifactId:type:classifier)' must be unique: jakarta.validation:jakarta.validation-api:jar -> duplicate declaration of version (?) @ line 93, column 21
[WARNING] 
[WARNING] It is highly recommended to fix these problems because they threaten the stability of your build.
[WARNING] 
[WARNING] For this reason, future Maven versions might no longer support building such malformed projects.
[WARNING] 
[INFO] 
[INFO] ------------------------< com.puc:realconsult >-------------------------
[INFO] Building realconsult 0.0.1-SNAPSHOT
[INFO]   from pom.xml
[INFO] --------------------------------[ jar ]---------------------------------
[INFO] 
[INFO] >>> spring-boot:3.5.3:run (default-cli) > test-compile @ realconsult >>>
[INFO] 
[INFO] --- resources:3.3.1:resources (default-resources) @ realconsult ---
[INFO] Copying 1 resource from src/main/resources to target/classes
[INFO] Copying 1 resource from src/main/resources to target/classes
[INFO] 
[INFO] --- compiler:3.14.0:compile (default-compile) @ realconsult ---
[INFO] Nothing to compile - all classes are up to date.
[INFO] 
[INFO] --- resources:3.3.1:testResources (default-testResources) @ realconsult ---
[INFO] skip non existing resourceDirectory /Users/alicesalomao/pmg-es-2025-2-ti3-9577100-realconsult-3/Codigo/backend/src/test/resources
[INFO] 
[INFO] --- compiler:3.14.0:testCompile (default-testCompile) @ realconsult ---
[INFO] Recompiling the module because of changed source code.
[INFO] Compiling 1 source file with javac [debug parameters release 17] to target/test-classes
[INFO] 
[INFO] <<< spring-boot:3.5.3:run (default-cli) < test-compile @ realconsult <<<
[INFO] 
[INFO] 
[INFO] --- spring-boot:3.5.3:run (default-cli) @ realconsult ---
[INFO] Attaching agents: []

  .   ____          _            __ _ _
 /\\ / ___'_ __ _ _(_)_ __  __ _ \ \ \ \
( ( )\___ | '_ | '_| | '_ \/ _` | \ \ \ \
 \\/  ___)| |_)| | | | | || (_| |  ) ) ) )
  '  |____| .__|_| |_|_| |_\__, | / / / /
 =========|_|==============|___/=/_/_/_/

 :: Spring Boot ::                (v3.5.3)

2025-11-17T16:41:29.346-03:00  INFO 60960 --- [realconsult] [  restartedMain] c.p.realconsult.RealconsultApplication   : Starting RealconsultApplication using Java 17.0.16 with PID 60960 (/Users/alicesalomao/pmg-es-2025-2-ti3-9577100-realconsult-3/Codigo/backend/target/classes started by alicesalomao in /Users/alicesalomao/pmg-es-2025-2-ti3-9577100-realconsult-3/Codigo/backend)
2025-11-17T16:41:29.347-03:00  INFO 60960 --- [realconsult] [  restartedMain] c.p.realconsult.RealconsultApplication   : No active profile set, falling back to 1 default profile: "default"
2025-11-17T16:41:29.389-03:00  INFO 60960 --- [realconsult] [  restartedMain] .e.DevToolsPropertyDefaultsPostProcessor : Devtools property defaults active! Set 'spring.devtools.add-properties' to 'false' to disable
2025-11-17T16:41:29.389-03:00  INFO 60960 --- [realconsult] [  restartedMain] .e.DevToolsPropertyDefaultsPostProcessor : For additional web related logging consider setting the 'logging.level.web' property to 'DEBUG'
2025-11-17T16:41:29.832-03:00  INFO 60960 --- [realconsult] [  restartedMain] .s.d.r.c.RepositoryConfigurationDelegate : Bootstrapping Spring Data JPA repositories in DEFAULT mode.
2025-11-17T16:41:29.879-03:00  INFO 60960 --- [realconsult] [  restartedMain] .s.d.r.c.RepositoryConfigurationDelegate : Finished Spring Data repository scanning in 40 ms. Found 8 JPA repository interfaces.
2025-11-17T16:41:29.880-03:00  INFO 60960 --- [realconsult] [  restartedMain] .s.d.r.c.RepositoryConfigurationDelegate : Bootstrapping Spring Data JPA repositories in DEFAULT mode.
2025-11-17T16:41:29.897-03:00  INFO 60960 --- [realconsult] [  restartedMain] .s.d.r.c.RepositoryConfigurationDelegate : Finished Spring Data repository scanning in 15 ms. Found 4 JPA repository interfaces.
2025-11-17T16:41:30.604-03:00  INFO 60960 --- [realconsult] [  restartedMain] o.s.b.w.embedded.tomcat.TomcatWebServer  : Tomcat initialized with port 8080 (http)
2025-11-17T16:41:30.614-03:00  INFO 60960 --- [realconsult] [  restartedMain] o.apache.catalina.core.StandardService   : Starting service [Tomcat]
2025-11-17T16:41:30.614-03:00  INFO 60960 --- [realconsult] [  restartedMain] o.apache.catalina.core.StandardEngine    : Starting Servlet engine: [Apache Tomcat/10.1.42]
2025-11-17T16:41:30.639-03:00  INFO 60960 --- [realconsult] [  restartedMain] o.a.c.c.C.[Tomcat].[localhost].[/]       : Initializing Spring embedded WebApplicationContext
2025-11-17T16:41:30.640-03:00  INFO 60960 --- [realconsult] [  restartedMain] w.s.c.ServletWebServerApplicationContext : Root WebApplicationContext: initialization completed in 1250 ms
2025-11-17T16:41:30.703-03:00  INFO 60960 --- [realconsult] [  restartedMain] o.hibernate.jpa.internal.util.LogHelper  : HHH000204: Processing PersistenceUnitInfo [name: default]
2025-11-17T16:41:30.738-03:00  INFO 60960 --- [realconsult] [  restartedMain] org.hibernate.Version                    : HHH000412: Hibernate ORM core version 6.6.18.Final
2025-11-17T16:41:30.758-03:00  INFO 60960 --- [realconsult] [  restartedMain] o.h.c.internal.RegionFactoryInitiator    : HHH000026: Second-level cache disabled
2025-11-17T16:41:31.015-03:00  INFO 60960 --- [realconsult] [  restartedMain] o.s.o.j.p.SpringPersistenceUnitInfo      : No LoadTimeWeaver setup: ignoring JPA class transformer
2025-11-17T16:41:31.033-03:00  INFO 60960 --- [realconsult] [  restartedMain] com.zaxxer.hikari.HikariDataSource       : HikariPool-1 - Starting...
2025-11-17T16:41:31.202-03:00  INFO 60960 --- [realconsult] [  restartedMain] com.zaxxer.hikari.pool.HikariPool        : HikariPool-1 - Added connection conn0: url=jdbc:h2:file:~/realconsult user=SA
2025-11-17T16:41:31.203-03:00  INFO 60960 --- [realconsult] [  restartedMain] com.zaxxer.hikari.HikariDataSource       : HikariPool-1 - Start completed.
2025-11-17T16:41:31.220-03:00  WARN 60960 --- [realconsult] [  restartedMain] org.hibernate.orm.deprecation            : HHH90000025: H2Dialect does not need to be specified explicitly using 'hibernate.dialect' (remove the property setting and it will be selected by default)
2025-11-17T16:41:31.234-03:00  INFO 60960 --- [realconsult] [  restartedMain] org.hibernate.orm.connections.pooling    : HHH10001005: Database info:
	Database JDBC URL [Connecting through datasource 'HikariDataSource (HikariPool-1)']
	Database driver: undefined/unknown
	Database version: 2.3.232
	Autocommit mode: undefined/unknown
	Isolation level: undefined/unknown
	Minimum pool size: undefined/unknown
	Maximum pool size: undefined/unknown
2025-11-17T16:41:31.898-03:00  INFO 60960 --- [realconsult] [  restartedMain] o.h.e.t.j.p.i.JtaPlatformInitiator       : HHH000489: No JTA platform available (set 'hibernate.transaction.jta.platform' to enable JTA platform integration)
2025-11-17T16:41:31.954-03:00  INFO 60960 --- [realconsult] [  restartedMain] j.LocalContainerEntityManagerFactoryBean : Initialized JPA EntityManagerFactory for persistence unit 'default'
2025-11-17T16:41:31.982-03:00  INFO 60960 --- [realconsult] [  restartedMain] o.hibernate.jpa.internal.util.LogHelper  : HHH000204: Processing PersistenceUnitInfo [name: default]
2025-11-17T16:41:31.984-03:00  INFO 60960 --- [realconsult] [  restartedMain] o.h.c.internal.RegionFactoryInitiator    : HHH000026: Second-level cache disabled
2025-11-17T16:41:32.005-03:00  INFO 60960 --- [realconsult] [  restartedMain] o.s.o.j.p.SpringPersistenceUnitInfo      : No LoadTimeWeaver setup: ignoring JPA class transformer
2025-11-17T16:41:32.006-03:00  INFO 60960 --- [realconsult] [  restartedMain] com.zaxxer.hikari.HikariDataSource       : HikariPool-2 - Starting...
2025-11-17T16:41:32.012-03:00  INFO 60960 --- [realconsult] [  restartedMain] com.zaxxer.hikari.pool.HikariPool        : HikariPool-2 - Added connection conn10: url=jdbc:h2:file:~/vtreal user=SA
2025-11-17T16:41:32.012-03:00  INFO 60960 --- [realconsult] [  restartedMain] com.zaxxer.hikari.HikariDataSource       : HikariPool-2 - Start completed.
2025-11-17T16:41:32.012-03:00  WARN 60960 --- [realconsult] [  restartedMain] org.hibernate.orm.deprecation            : HHH90000025: H2Dialect does not need to be specified explicitly using 'hibernate.dialect' (remove the property setting and it will be selected by default)
2025-11-17T16:41:32.012-03:00  INFO 60960 --- [realconsult] [  restartedMain] org.hibernate.orm.connections.pooling    : HHH10001005: Database info:
	Database JDBC URL [Connecting through datasource 'HikariDataSource (HikariPool-2)']
	Database driver: undefined/unknown
	Database version: 2.3.232
	Autocommit mode: undefined/unknown
	Isolation level: undefined/unknown
	Minimum pool size: undefined/unknown
	Maximum pool size: undefined/unknown
2025-11-17T16:41:32.087-03:00  INFO 60960 --- [realconsult] [  restartedMain] o.h.e.t.j.p.i.JtaPlatformInitiator       : HHH000489: No JTA platform available (set 'hibernate.transaction.jta.platform' to enable JTA platform integration)
2025-11-17T16:41:32.089-03:00  INFO 60960 --- [realconsult] [  restartedMain] j.LocalContainerEntityManagerFactoryBean : Initialized JPA EntityManagerFactory for persistence unit 'default'
2025-11-17T16:41:32.255-03:00  INFO 60960 --- [realconsult] [  restartedMain] o.s.d.j.r.query.QueryEnhancerFactory     : Hibernate is in classpath; If applicable, HQL parser will be used.
2025-11-17T16:41:33.035-03:00  INFO 60960 --- [realconsult] [  restartedMain] r$InitializeUserDetailsManagerConfigurer : Global AuthenticationManager configured with UserDetailsService bean with name authService
2025-11-17T16:41:33.412-03:00  WARN 60960 --- [realconsult] [  restartedMain] JpaBaseConfiguration$JpaWebConfiguration : spring.jpa.open-in-view is enabled by default. Therefore, database queries may be performed during view rendering. Explicitly configure spring.jpa.open-in-view to disable this warning
2025-11-17T16:41:33.564-03:00  WARN 60960 --- [realconsult] [  restartedMain] o.s.w.s.resource.ResourceHandlerUtils    : Appended trailing slash to static resource location: file:///Users/alicesalomao/pmg-es-2025-2-ti3-9577100-realconsult-3/Codigo/backend/uploads/
2025-11-17T16:41:33.746-03:00  INFO 60960 --- [realconsult] [  restartedMain] o.s.b.a.h2.H2ConsoleAutoConfiguration    : H2 console available at '/h2-console'. Databases available at 'jdbc:h2:file:~/realconsult', 'jdbc:h2:file:~/vtreal'
2025-11-17T16:41:33.797-03:00  INFO 60960 --- [realconsult] [  restartedMain] o.s.b.d.a.OptionalLiveReloadServer       : LiveReload server is running on port 35729
2025-11-17T16:41:33.831-03:00  INFO 60960 --- [realconsult] [  restartedMain] o.s.b.w.embedded.tomcat.TomcatWebServer  : Tomcat started on port 8080 (http) with context path '/'
2025-11-17T16:41:33.840-03:00  INFO 60960 --- [realconsult] [  restartedMain] c.p.realconsult.RealconsultApplication   : Started RealconsultApplication in 4.787 seconds (process running for 5.245)
2025-11-17T16:42:13.189-03:00  INFO 60960 --- [realconsult] [nio-8080-exec-1] o.a.c.c.C.[Tomcat].[localhost].[/]       : Initializing Spring DispatcherServlet 'dispatcherServlet'
2025-11-17T16:42:13.191-03:00  INFO 60960 --- [realconsult] [nio-8080-exec-1] o.s.web.servlet.DispatcherServlet        : Initializing Servlet 'dispatcherServlet'
2025-11-17T16:42:13.199-03:00  INFO 60960 --- [realconsult] [nio-8080-exec-1] o.s.web.servlet.DispatcherServlet        : Completed initialization in 8 ms
2025-11-17T17:15:09.587-03:00  INFO 60960 --- [realconsult] [   File Watcher] rtingClassPathChangeChangedEventListener : Restarting due to 1 class path change (0 additions, 0 deletions, 1 modification)
2025-11-17T17:15:09.602-03:00  INFO 60960 --- [realconsult] [       Thread-6] o.s.b.w.e.tomcat.GracefulShutdown        : Commencing graceful shutdown. Waiting for active requests to complete
2025-11-17T17:15:09.615-03:00  INFO 60960 --- [realconsult] [tomcat-shutdown] o.s.b.w.e.tomcat.GracefulShutdown        : Graceful shutdown complete
2025-11-17T17:15:09.623-03:00  INFO 60960 --- [realconsult] [       Thread-6] j.LocalContainerEntityManagerFactoryBean : Closing JPA EntityManagerFactory for persistence unit 'default'
2025-11-17T17:15:09.625-03:00  INFO 60960 --- [realconsult] [       Thread-6] com.zaxxer.hikari.HikariDataSource       : HikariPool-2 - Shutdown initiated...
2025-11-17T17:15:09.693-03:00  INFO 60960 --- [realconsult] [       Thread-6] com.zaxxer.hikari.HikariDataSource       : HikariPool-2 - Shutdown completed.
2025-11-17T17:15:09.694-03:00  INFO 60960 --- [realconsult] [       Thread-6] j.LocalContainerEntityManagerFactoryBean : Closing JPA EntityManagerFactory for persistence unit 'default'
2025-11-17T17:15:09.694-03:00  INFO 60960 --- [realconsult] [       Thread-6] com.zaxxer.hikari.HikariDataSource       : HikariPool-1 - Shutdown initiated...
2025-11-17T17:15:09.743-03:00  INFO 60960 --- [realconsult] [       Thread-6] com.zaxxer.hikari.HikariDataSource       : HikariPool-1 - Shutdown completed.

  .   ____          _            __ _ _
 /\\ / ___'_ __ _ _(_)_ __  __ _ \ \ \ \
( ( )\___ | '_ | '_| | '_ \/ _` | \ \ \ \
 \\/  ___)| |_)| | | | | || (_| |  ) ) ) )
  '  |____| .__|_| |_|_| |_\__, | / / / /
 =========|_|==============|___/=/_/_/_/

 :: Spring Boot ::                (v3.5.3)

2025-11-17T17:15:09.823-03:00  INFO 60960 --- [realconsult] [  restartedMain] c.p.realconsult.RealconsultApplication   : Starting RealconsultApplication using Java 17.0.16 with PID 60960 (/Users/alicesalomao/pmg-es-2025-2-ti3-9577100-realconsult-3/Codigo/backend/target/classes started by alicesalomao in /Users/alicesalomao/pmg-es-2025-2-ti3-9577100-realconsult-3/Codigo/backend)
2025-11-17T17:15:09.823-03:00  INFO 60960 --- [realconsult] [  restartedMain] c.p.realconsult.RealconsultApplication   : No active profile set, falling back to 1 default profile: "default"
2025-11-17T17:15:09.901-03:00  INFO 60960 --- [realconsult] [  restartedMain] .s.d.r.c.RepositoryConfigurationDelegate : Bootstrapping Spring Data JPA repositories in DEFAULT mode.
2025-11-17T17:15:09.910-03:00  INFO 60960 --- [realconsult] [  restartedMain] .s.d.r.c.RepositoryConfigurationDelegate : Finished Spring Data repository scanning in 8 ms. Found 8 JPA repository interfaces.
2025-11-17T17:15:09.911-03:00  INFO 60960 --- [realconsult] [  restartedMain] .s.d.r.c.RepositoryConfigurationDelegate : Bootstrapping Spring Data JPA repositories in DEFAULT mode.
2025-11-17T17:15:09.920-03:00  INFO 60960 --- [realconsult] [  restartedMain] .s.d.r.c.RepositoryConfigurationDelegate : Finished Spring Data repository scanning in 8 ms. Found 4 JPA repository interfaces.
2025-11-17T17:15:10.015-03:00  INFO 60960 --- [realconsult] [  restartedMain] o.s.b.w.embedded.tomcat.TomcatWebServer  : Tomcat initialized with port 8080 (http)
2025-11-17T17:15:10.015-03:00  INFO 60960 --- [realconsult] [  restartedMain] o.apache.catalina.core.StandardService   : Starting service [Tomcat]
2025-11-17T17:15:10.015-03:00  INFO 60960 --- [realconsult] [  restartedMain] o.apache.catalina.core.StandardEngine    : Starting Servlet engine: [Apache Tomcat/10.1.42]
2025-11-17T17:15:10.021-03:00  INFO 60960 --- [realconsult] [  restartedMain] o.a.c.c.C.[Tomcat].[localhost].[/]       : Initializing Spring embedded WebApplicationContext
2025-11-17T17:15:10.021-03:00  INFO 60960 --- [realconsult] [  restartedMain] w.s.c.ServletWebServerApplicationContext : Root WebApplicationContext: initialization completed in 197 ms
2025-11-17T17:15:10.031-03:00  INFO 60960 --- [realconsult] [  restartedMain] o.hibernate.jpa.internal.util.LogHelper  : HHH000204: Processing PersistenceUnitInfo [name: default]
2025-11-17T17:15:10.033-03:00  INFO 60960 --- [realconsult] [  restartedMain] o.h.c.internal.RegionFactoryInitiator    : HHH000026: Second-level cache disabled
2025-11-17T17:15:10.047-03:00  INFO 60960 --- [realconsult] [  restartedMain] o.s.o.j.p.SpringPersistenceUnitInfo      : No LoadTimeWeaver setup: ignoring JPA class transformer
2025-11-17T17:15:10.047-03:00  INFO 60960 --- [realconsult] [  restartedMain] com.zaxxer.hikari.HikariDataSource       : HikariPool-3 - Starting...
2025-11-17T17:15:10.051-03:00  INFO 60960 --- [realconsult] [  restartedMain] com.zaxxer.hikari.pool.HikariPool        : HikariPool-3 - Added connection conn40: url=jdbc:h2:file:~/realconsult user=SA
2025-11-17T17:15:10.052-03:00  INFO 60960 --- [realconsult] [  restartedMain] com.zaxxer.hikari.HikariDataSource       : HikariPool-3 - Start completed.
2025-11-17T17:15:10.052-03:00  WARN 60960 --- [realconsult] [  restartedMain] org.hibernate.orm.deprecation            : HHH90000025: H2Dialect does not need to be specified explicitly using 'hibernate.dialect' (remove the property setting and it will be selected by default)
2025-11-17T17:15:10.052-03:00  INFO 60960 --- [realconsult] [  restartedMain] org.hibernate.orm.connections.pooling    : HHH10001005: Database info:
	Database JDBC URL [Connecting through datasource 'HikariDataSource (HikariPool-3)']
	Database driver: undefined/unknown
	Database version: 2.3.232
	Autocommit mode: undefined/unknown
	Isolation level: undefined/unknown
	Minimum pool size: undefined/unknown
	Maximum pool size: undefined/unknown
2025-11-17T17:15:10.127-03:00  INFO 60960 --- [realconsult] [  restartedMain] o.h.e.t.j.p.i.JtaPlatformInitiator       : HHH000489: No JTA platform available (set 'hibernate.transaction.jta.platform' to enable JTA platform integration)
2025-11-17T17:15:10.131-03:00  INFO 60960 --- [realconsult] [  restartedMain] j.LocalContainerEntityManagerFactoryBean : Initialized JPA EntityManagerFactory for persistence unit 'default'
2025-11-17T17:15:10.143-03:00  INFO 60960 --- [realconsult] [  restartedMain] o.hibernate.jpa.internal.util.LogHelper  : HHH000204: Processing PersistenceUnitInfo [name: default]
2025-11-17T17:15:10.144-03:00  INFO 60960 --- [realconsult] [  restartedMain] o.h.c.internal.RegionFactoryInitiator    : HHH000026: Second-level cache disabled
2025-11-17T17:15:10.155-03:00  INFO 60960 --- [realconsult] [  restartedMain] o.s.o.j.p.SpringPersistenceUnitInfo      : No LoadTimeWeaver setup: ignoring JPA class transformer
2025-11-17T17:15:10.155-03:00  INFO 60960 --- [realconsult] [  restartedMain] com.zaxxer.hikari.HikariDataSource       : HikariPool-4 - Starting...
2025-11-17T17:15:10.158-03:00  INFO 60960 --- [realconsult] [  restartedMain] com.zaxxer.hikari.pool.HikariPool        : HikariPool-4 - Added connection conn42: url=jdbc:h2:file:~/vtreal user=SA
2025-11-17T17:15:10.158-03:00  INFO 60960 --- [realconsult] [  restartedMain] com.zaxxer.hikari.HikariDataSource       : HikariPool-4 - Start completed.
2025-11-17T17:15:10.158-03:00  WARN 60960 --- [realconsult] [  restartedMain] org.hibernate.orm.deprecation            : HHH90000025: H2Dialect does not need to be specified explicitly using 'hibernate.dialect' (remove the property setting and it will be selected by default)
2025-11-17T17:15:10.158-03:00  INFO 60960 --- [realconsult] [  restartedMain] org.hibernate.orm.connections.pooling    : HHH10001005: Database info:
	Database JDBC URL [Connecting through datasource 'HikariDataSource (HikariPool-4)']
	Database driver: undefined/unknown
	Database version: 2.3.232
	Autocommit mode: undefined/unknown
	Isolation level: undefined/unknown
	Minimum pool size: undefined/unknown
	Maximum pool size: undefined/unknown
2025-11-17T17:15:10.199-03:00  INFO 60960 --- [realconsult] [  restartedMain] o.h.e.t.j.p.i.JtaPlatformInitiator       : HHH000489: No JTA platform available (set 'hibernate.transaction.jta.platform' to enable JTA platform integration)
2025-11-17T17:15:10.200-03:00  INFO 60960 --- [realconsult] [  restartedMain] j.LocalContainerEntityManagerFactoryBean : Initialized JPA EntityManagerFactory for persistence unit 'default'
2025-11-17T17:15:10.263-03:00  INFO 60960 --- [realconsult] [  restartedMain] r$InitializeUserDetailsManagerConfigurer : Global AuthenticationManager configured with UserDetailsService bean with name authService
2025-11-17T17:15:10.327-03:00  WARN 60960 --- [realconsult] [  restartedMain] JpaBaseConfiguration$JpaWebConfiguration : spring.jpa.open-in-view is enabled by default. Therefore, database queries may be performed during view rendering. Explicitly configure spring.jpa.open-in-view to disable this warning
2025-11-17T17:15:10.364-03:00  WARN 60960 --- [realconsult] [  restartedMain] o.s.w.s.resource.ResourceHandlerUtils    : Appended trailing slash to static resource location: file:///Users/alicesalomao/pmg-es-2025-2-ti3-9577100-realconsult-3/Codigo/backend/uploads/
2025-11-17T17:15:10.408-03:00  INFO 60960 --- [realconsult] [  restartedMain] o.s.b.a.h2.H2ConsoleAutoConfiguration    : H2 console available at '/h2-console'. Databases available at 'jdbc:h2:file:~/realconsult', 'jdbc:h2:file:~/vtreal'
2025-11-17T17:15:10.419-03:00  INFO 60960 --- [realconsult] [  restartedMain] o.s.b.d.a.OptionalLiveReloadServer       : LiveReload server is running on port 35729
2025-11-17T17:15:10.426-03:00  INFO 60960 --- [realconsult] [  restartedMain] o.s.b.w.embedded.tomcat.TomcatWebServer  : Tomcat started on port 8080 (http) with context path '/'
2025-11-17T17:15:10.429-03:00  INFO 60960 --- [realconsult] [  restartedMain] c.p.realconsult.RealconsultApplication   : Started RealconsultApplication in 0.616 seconds (process running for 2021.962)
2025-11-17T17:15:10.446-03:00  INFO 60960 --- [realconsult] [  restartedMain] .ConditionEvaluationDeltaLoggingListener : Condition evaluation unchanged
2025-11-17T17:15:34.081-03:00  INFO 60960 --- [realconsult] [   File Watcher] rtingClassPathChangeChangedEventListener : Restarting due to 1 class path change (0 additions, 0 deletions, 1 modification)
2025-11-17T17:15:34.103-03:00  INFO 60960 --- [realconsult] [       Thread-8] o.s.b.w.e.tomcat.GracefulShutdown        : Commencing graceful shutdown. Waiting for active requests to complete
2025-11-17T17:15:34.109-03:00  INFO 60960 --- [realconsult] [tomcat-shutdown] o.s.b.w.e.tomcat.GracefulShutdown        : Graceful shutdown complete
2025-11-17T17:15:34.114-03:00  INFO 60960 --- [realconsult] [       Thread-8] j.LocalContainerEntityManagerFactoryBean : Closing JPA EntityManagerFactory for persistence unit 'default'
2025-11-17T17:15:34.116-03:00  INFO 60960 --- [realconsult] [       Thread-8] com.zaxxer.hikari.HikariDataSource       : HikariPool-4 - Shutdown initiated...
2025-11-17T17:15:34.199-03:00  INFO 60960 --- [realconsult] [       Thread-8] com.zaxxer.hikari.HikariDataSource       : HikariPool-4 - Shutdown completed.
2025-11-17T17:15:34.199-03:00  INFO 60960 --- [realconsult] [       Thread-8] j.LocalContainerEntityManagerFactoryBean : Closing JPA EntityManagerFactory for persistence unit 'default'
2025-11-17T17:15:34.199-03:00  INFO 60960 --- [realconsult] [       Thread-8] com.zaxxer.hikari.HikariDataSource       : HikariPool-3 - Shutdown initiated...
2025-11-17T17:15:34.276-03:00  INFO 60960 --- [realconsult] [       Thread-8] com.zaxxer.hikari.HikariDataSource       : HikariPool-3 - Shutdown completed.

  .   ____          _            __ _ _
 /\\ / ___'_ __ _ _(_)_ __  __ _ \ \ \ \
( ( )\___ | '_ | '_| | '_ \/ _` | \ \ \ \
 \\/  ___)| |_)| | | | | || (_| |  ) ) ) )
  '  |____| .__|_| |_|_| |_\__, | / / / /
 =========|_|==============|___/=/_/_/_/

 :: Spring Boot ::                (v3.5.3)

2025-11-17T17:15:34.353-03:00  INFO 60960 --- [realconsult] [  restartedMain] c.p.realconsult.RealconsultApplication   : Starting RealconsultApplication using Java 17.0.16 with PID 60960 (/Users/alicesalomao/pmg-es-2025-2-ti3-9577100-realconsult-3/Codigo/backend/target/classes started by alicesalomao in /Users/alicesalomao/pmg-es-2025-2-ti3-9577100-realconsult-3/Codigo/backend)
2025-11-17T17:15:34.353-03:00  INFO 60960 --- [realconsult] [  restartedMain] c.p.realconsult.RealconsultApplication   : No active profile set, falling back to 1 default profile: "default"
2025-11-17T17:15:34.420-03:00  INFO 60960 --- [realconsult] [  restartedMain] .s.d.r.c.RepositoryConfigurationDelegate : Bootstrapping Spring Data JPA repositories in DEFAULT mode.
2025-11-17T17:15:34.426-03:00  INFO 60960 --- [realconsult] [  restartedMain] .s.d.r.c.RepositoryConfigurationDelegate : Finished Spring Data repository scanning in 5 ms. Found 8 JPA repository interfaces.
2025-11-17T17:15:34.426-03:00  INFO 60960 --- [realconsult] [  restartedMain] .s.d.r.c.RepositoryConfigurationDelegate : Bootstrapping Spring Data JPA repositories in DEFAULT mode.
2025-11-17T17:15:34.429-03:00  INFO 60960 --- [realconsult] [  restartedMain] .s.d.r.c.RepositoryConfigurationDelegate : Finished Spring Data repository scanning in 2 ms. Found 4 JPA repository interfaces.
2025-11-17T17:15:34.504-03:00  INFO 60960 --- [realconsult] [  restartedMain] o.s.b.w.embedded.tomcat.TomcatWebServer  : Tomcat initialized with port 8080 (http)
2025-11-17T17:15:34.505-03:00  INFO 60960 --- [realconsult] [  restartedMain] o.apache.catalina.core.StandardService   : Starting service [Tomcat]
2025-11-17T17:15:34.505-03:00  INFO 60960 --- [realconsult] [  restartedMain] o.apache.catalina.core.StandardEngine    : Starting Servlet engine: [Apache Tomcat/10.1.42]
2025-11-17T17:15:34.510-03:00  INFO 60960 --- [realconsult] [  restartedMain] o.a.c.c.C.[Tomcat].[localhost].[/]       : Initializing Spring embedded WebApplicationContext
2025-11-17T17:15:34.510-03:00  INFO 60960 --- [realconsult] [  restartedMain] w.s.c.ServletWebServerApplicationContext : Root WebApplicationContext: initialization completed in 157 ms
2025-11-17T17:15:34.520-03:00  INFO 60960 --- [realconsult] [  restartedMain] o.hibernate.jpa.internal.util.LogHelper  : HHH000204: Processing PersistenceUnitInfo [name: default]
2025-11-17T17:15:34.521-03:00  INFO 60960 --- [realconsult] [  restartedMain] o.h.c.internal.RegionFactoryInitiator    : HHH000026: Second-level cache disabled
2025-11-17T17:15:34.538-03:00  INFO 60960 --- [realconsult] [  restartedMain] o.s.o.j.p.SpringPersistenceUnitInfo      : No LoadTimeWeaver setup: ignoring JPA class transformer
2025-11-17T17:15:34.538-03:00  INFO 60960 --- [realconsult] [  restartedMain] com.zaxxer.hikari.HikariDataSource       : HikariPool-5 - Starting...
2025-11-17T17:15:34.544-03:00  INFO 60960 --- [realconsult] [  restartedMain] com.zaxxer.hikari.pool.HikariPool        : HikariPool-5 - Added connection conn60: url=jdbc:h2:file:~/realconsult user=SA
2025-11-17T17:15:34.545-03:00  INFO 60960 --- [realconsult] [  restartedMain] com.zaxxer.hikari.HikariDataSource       : HikariPool-5 - Start completed.
2025-11-17T17:15:34.545-03:00  WARN 60960 --- [realconsult] [  restartedMain] org.hibernate.orm.deprecation            : HHH90000025: H2Dialect does not need to be specified explicitly using 'hibernate.dialect' (remove the property setting and it will be selected by default)
2025-11-17T17:15:34.545-03:00  INFO 60960 --- [realconsult] [  restartedMain] org.hibernate.orm.connections.pooling    : HHH10001005: Database info:
	Database JDBC URL [Connecting through datasource 'HikariDataSource (HikariPool-5)']
	Database driver: undefined/unknown
	Database version: 2.3.232
	Autocommit mode: undefined/unknown
	Isolation level: undefined/unknown
	Minimum pool size: undefined/unknown
	Maximum pool size: undefined/unknown
2025-11-17T17:15:34.622-03:00  INFO 60960 --- [realconsult] [  restartedMain] o.h.e.t.j.p.i.JtaPlatformInitiator       : HHH000489: No JTA platform available (set 'hibernate.transaction.jta.platform' to enable JTA platform integration)
2025-11-17T17:15:34.625-03:00  INFO 60960 --- [realconsult] [  restartedMain] j.LocalContainerEntityManagerFactoryBean : Initialized JPA EntityManagerFactory for persistence unit 'default'
2025-11-17T17:15:34.639-03:00  INFO 60960 --- [realconsult] [  restartedMain] o.hibernate.jpa.internal.util.LogHelper  : HHH000204: Processing PersistenceUnitInfo [name: default]
2025-11-17T17:15:34.640-03:00  INFO 60960 --- [realconsult] [  restartedMain] o.h.c.internal.RegionFactoryInitiator    : HHH000026: Second-level cache disabled
2025-11-17T17:15:34.651-03:00  INFO 60960 --- [realconsult] [  restartedMain] o.s.o.j.p.SpringPersistenceUnitInfo      : No LoadTimeWeaver setup: ignoring JPA class transformer
2025-11-17T17:15:34.652-03:00  INFO 60960 --- [realconsult] [  restartedMain] com.zaxxer.hikari.HikariDataSource       : HikariPool-6 - Starting...
2025-11-17T17:15:34.654-03:00  INFO 60960 --- [realconsult] [  restartedMain] com.zaxxer.hikari.pool.HikariPool        : HikariPool-6 - Added connection conn62: url=jdbc:h2:file:~/vtreal user=SA
2025-11-17T17:15:34.654-03:00  INFO 60960 --- [realconsult] [  restartedMain] com.zaxxer.hikari.HikariDataSource       : HikariPool-6 - Start completed.
2025-11-17T17:15:34.655-03:00  WARN 60960 --- [realconsult] [  restartedMain] org.hibernate.orm.deprecation            : HHH90000025: H2Dialect does not need to be specified explicitly using 'hibernate.dialect' (remove the property setting and it will be selected by default)
2025-11-17T17:15:34.655-03:00  INFO 60960 --- [realconsult] [  restartedMain] org.hibernate.orm.connections.pooling    : HHH10001005: Database info:
	Database JDBC URL [Connecting through datasource 'HikariDataSource (HikariPool-6)']
	Database driver: undefined/unknown
	Database version: 2.3.232
	Autocommit mode: undefined/unknown
	Isolation level: undefined/unknown
	Minimum pool size: undefined/unknown
	Maximum pool size: undefined/unknown
2025-11-17T17:15:34.698-03:00  INFO 60960 --- [realconsult] [  restartedMain] o.h.e.t.j.p.i.JtaPlatformInitiator       : HHH000489: No JTA platform available (set 'hibernate.transaction.jta.platform' to enable JTA platform integration)
2025-11-17T17:15:34.699-03:00  INFO 60960 --- [realconsult] [  restartedMain] j.LocalContainerEntityManagerFactoryBean : Initialized JPA EntityManagerFactory for persistence unit 'default'
2025-11-17T17:15:34.753-03:00  INFO 60960 --- [realconsult] [  restartedMain] r$InitializeUserDetailsManagerConfigurer : Global AuthenticationManager configured with UserDetailsService bean with name authService
2025-11-17T17:15:34.816-03:00  WARN 60960 --- [realconsult] [  restartedMain] JpaBaseConfiguration$JpaWebConfiguration : spring.jpa.open-in-view is enabled by default. Therefore, database queries may be performed during view rendering. Explicitly configure spring.jpa.open-in-view to disable this warning
2025-11-17T17:15:34.849-03:00  WARN 60960 --- [realconsult] [  restartedMain] o.s.w.s.resource.ResourceHandlerUtils    : Appended trailing slash to static resource location: file:///Users/alicesalomao/pmg-es-2025-2-ti3-9577100-realconsult-3/Codigo/backend/uploads/
2025-11-17T17:15:34.919-03:00  INFO 60960 --- [realconsult] [  restartedMain] o.s.b.a.h2.H2ConsoleAutoConfiguration    : H2 console available at '/h2-console'. Databases available at 'jdbc:h2:file:~/realconsult', 'jdbc:h2:file:~/vtreal'
2025-11-17T17:15:34.963-03:00  INFO 60960 --- [realconsult] [  restartedMain] o.s.b.d.a.OptionalLiveReloadServer       : LiveReload server is running on port 35729
2025-11-17T17:15:34.979-03:00  INFO 60960 --- [realconsult] [  restartedMain] o.s.b.w.embedded.tomcat.TomcatWebServer  : Tomcat started on port 8080 (http) with context path '/'
2025-11-17T17:15:34.984-03:00  INFO 60960 --- [realconsult] [  restartedMain] c.p.realconsult.RealconsultApplication   : Started RealconsultApplication in 0.64 seconds (process running for 2046.518)
2025-11-17T17:15:35.018-03:00  INFO 60960 --- [realconsult] [  restartedMain] .ConditionEvaluationDeltaLoggingListener : Condition evaluation unchanged
2025-11-17T17:15:37.396-03:00  INFO 60960 --- [realconsult] [nio-8080-exec-3] o.a.c.c.C.[Tomcat].[localhost].[/]       : Initializing Spring DispatcherServlet 'dispatcherServlet'
2025-11-17T17:15:37.402-03:00  INFO 60960 --- [realconsult] [nio-8080-exec-3] o.s.web.servlet.DispatcherServlet        : Initializing Servlet 'dispatcherServlet'
2025-11-17T17:15:37.405-03:00  INFO 60960 --- [realconsult] [nio-8080-exec-3] o.s.web.servlet.DispatcherServlet        : Completed initialization in 3 ms
